2025-11-27 09:10:33,699 - __main__ - INFO - 🚀 ЗАПУСК СИСТЕМЫ ПРИЁМА ДАННЫХ
2025-11-27 09:10:33,699 - __main__ - INFO - ==================================================
2025-11-27 09:10:33,706 - __main__ - INFO - ✅ Центральная база данных готова
2025-11-27 09:10:33,707 - __main__ - INFO - 🔗 ПОДКЛЮЧЕНИЕ К БРОКЕРУ broker.hivemq.com...
2025-11-27 09:10:34,273 - __main__ - INFO - 🔄 ЗАПУСК ПРОСЛУШИВАНИЯ...
2025-11-27 09:10:37,026 - __main__ - INFO - ✅ ПРИЁМНИК ПОДКЛЮЧЕН К MQTT БРОКЕРУ!
2025-11-27 09:10:37,026 - __main__ - INFO - 📡 ПОДПИСКА НА ТОПИК: 'my_school_project/sensor_data_v2'
2025-11-27 09:10:37,026 - __main__ - INFO - 🎧 ОЖИДАНИЕ ДАННЫХ...
2025-11-27 09:10:37,070 - __main__ - INFO - ✅ УСПЕШНАЯ ПОДПИСКА. QoS: 0
2025-11-27 09:16:17,349 - __main__ - INFO - 🚀 ЗАПУСК СИСТЕМЫ ПРИЁМА ДАННЫХ
2025-11-27 09:16:17,349 - __main__ - INFO - ==================================================
2025-11-27 09:16:17,351 - __main__ - INFO - ✅ Центральная база данных готова
2025-11-27 09:16:17,352 - __main__ - INFO - 🔗 ПОДКЛЮЧЕНИЕ К БРОКЕРУ broker.hivemq.com...
2025-11-27 09:16:17,419 - __main__ - INFO - 🔄 ЗАПУСК ПРОСЛУШИВАНИЯ...
2025-11-27 09:16:20,865 - __main__ - INFO - ✅ ПРИЁМНИК ПОДКЛЮЧЕН К MQTT БРОКЕРУ!
2025-11-27 09:16:20,865 - __main__ - INFO - 📡 ПОДПИСКА НА ТОПИК: 'my_school_project/sensor_data_v2'
2025-11-27 09:16:20,865 - __main__ - INFO - 🎧 ОЖИДАНИЕ ДАННЫХ...
2025-11-27 09:16:20,909 - __main__ - INFO - ✅ УСПЕШНАЯ ПОДПИСКА. QoS: 0
2025-11-27 09:16:41,811 - __main__ - INFO - 
📨 ПОЛУЧЕНО НОВОЕ СООБЩЕНИЕ
2025-11-27 09:16:41,812 - __main__ - INFO - ├─ Время: 09:16:41
2025-11-27 09:16:41,812 - __main__ - INFO - ├─ Топик: my_school_project/sensor_data_v2
2025-11-27 09:16:41,812 - __main__ - INFO - ├─ Данные: {
  "id": 1,
  "sensor_id": 1,
  "value": 23.5,
  "timestamp": "2025-11-27T09:16:38.565768",
  "source": "local_sqlite",
  "version": "2.0"
}
2025-11-27 09:16:41,814 - __main__ - INFO - ✅ ДАННЫЕ УСПЕШНО СОХРАНЕНЫ
2025-11-27 09:16:42,167 - __main__ - INFO - 
📨 ПОЛУЧЕНО НОВОЕ СООБЩЕНИЕ
2025-11-27 09:16:42,167 - __main__ - INFO - ├─ Время: 09:16:42
2025-11-27 09:16:42,167 - __main__ - INFO - ├─ Топик: my_school_project/sensor_data_v2
2025-11-27 09:16:42,168 - __main__ - INFO - ├─ Данные: {
  "id": 2,
  "sensor_id": 2,
  "value": 18.9,
  "timestamp": "2025-11-27T09:16:38.565779",
  "source": "local_sqlite",
  "version": "2.0"
}
2025-11-27 09:16:42,171 - __main__ - INFO - ✅ ДАННЫЕ УСПЕШНО СОХРАНЕНЫ
2025-11-27 09:16:42,669 - __main__ - INFO - 
📨 ПОЛУЧЕНО НОВОЕ СООБЩЕНИЕ
2025-11-27 09:16:42,669 - __main__ - INFO - ├─ Время: 09:16:42
2025-11-27 09:16:42,670 - __main__ - INFO - ├─ Топик: my_school_project/sensor_data_v2
2025-11-27 09:16:42,670 - __main__ - INFO - ├─ Данные: {
  "id": 3,
  "sensor_id": 1,
  "value": 24.1,
  "timestamp": "2025-11-27T09:16:38.565781",
  "source": "local_sqlite",
  "version": "2.0"
}
2025-11-27 09:16:42,673 - __main__ - INFO - ✅ ДАННЫЕ УСПЕШНО СОХРАНЕНЫ
2025-11-27 09:16:43,172 - __main__ - INFO - 
📨 ПОЛУЧЕНО НОВОЕ СООБЩЕНИЕ
2025-11-27 09:16:43,172 - __main__ - INFO - ├─ Время: 09:16:43
2025-11-27 09:16:43,172 - __main__ - INFO - ├─ Топик: my_school_project/sensor_data_v2
2025-11-27 09:16:43,172 - __main__ - INFO - ├─ Данные: {
  "id": 4,
  "sensor_id": 3,
  "value": 19.7,
  "timestamp": "2025-11-27T09:16:38.565782",
  "source": "local_sqlite",
  "version": "2.0"
}
2025-11-27 09:16:43,176 - __main__ - INFO - ✅ ДАННЫЕ УСПЕШНО СОХРАНЕНЫ
2025-11-27 09:16:43,673 - __main__ - INFO - 
📨 ПОЛУЧЕНО НОВОЕ СООБЩЕНИЕ
2025-11-27 09:16:43,673 - __main__ - INFO - ├─ Время: 09:16:43
2025-11-27 09:16:43,674 - __main__ - INFO - ├─ Топик: my_school_project/sensor_data_v2
2025-11-27 09:16:43,674 - __main__ - INFO - ├─ Данные: {
  "id": 5,
  "sensor_id": 2,
  "value": 22.3,
  "timestamp": "2025-11-27T09:16:38.565783",
  "source": "local_sqlite",
  "version": "2.0"
}
2025-11-27 09:16:43,677 - __main__ - INFO - ✅ ДАННЫЕ УСПЕШНО СОХРАНЕНЫ
2025-11-27 09:20:14,185 - __main__ - INFO - 
📨 ПОЛУЧЕНО НОВОЕ СООБЩЕНИЕ
2025-11-27 09:20:14,185 - __main__ - INFO - ├─ Время: 09:20:14
2025-11-27 09:20:14,185 - __main__ - INFO - ├─ Топик: my_school_project/sensor_data_v2
2025-11-27 09:20:14,185 - __main__ - INFO - ├─ Данные: {
  "id": 6,
  "sensor_id": 6,
  "value": 25.8,
  "timestamp": "2025-11-27T09:19:50.874012",
  "source": "local_sqlite",
  "version": "2.0"
}
2025-11-27 09:20:14,188 - __main__ - INFO - ✅ ДАННЫЕ УСПЕШНО СОХРАНЕНЫ
2025-11-27 09:20:14,688 - __main__ - INFO - 
📨 ПОЛУЧЕНО НОВОЕ СООБЩЕНИЕ
2025-11-27 09:20:14,688 - __main__ - INFO - ├─ Время: 09:20:14
2025-11-27 09:20:14,688 - __main__ - INFO - ├─ Топик: my_school_project/sensor_data_v2
2025-11-27 09:20:14,688 - __main__ - INFO - ├─ Данные: {
  "id": 7,
  "sensor_id": 7,
  "value": 20.1,
  "timestamp": "2025-11-27T09:19:50.874027",
  "source": "local_sqlite",
  "version": "2.0"
}
2025-11-27 09:20:14,691 - __main__ - INFO - ✅ ДАННЫЕ УСПЕШНО СОХРАНЕНЫ
2025-11-27 11:21:13,592 - __main__ - INFO - 🚀 ЗАПУСК СИСТЕМЫ ПРИЁМА ДАННЫХ
2025-11-27 11:21:13,592 - __main__ - INFO - ==================================================
2025-11-27 11:21:13,593 - __main__ - INFO - ✅ Центральная база данных готова
2025-11-27 11:21:13,594 - __main__ - INFO - 🔗 ПОДКЛЮЧЕНИЕ К БРОКЕРУ broker.hivemq.com...
2025-11-27 11:21:13,866 - __main__ - INFO - 🔄 ЗАПУСК ПРОСЛУШИВАНИЯ...
2025-11-27 11:21:13,909 - __main__ - INFO - ✅ ПРИЁМНИК ПОДКЛЮЧЕН К MQTT БРОКЕРУ!
2025-11-27 11:21:13,910 - __main__ - INFO - 📡 ПОДПИСКА НА ТОПИК: 'my_school_project/sensor_data_v2'
2025-11-27 11:21:13,910 - __main__ - INFO - 🎧 ОЖИДАНИЕ ДАННЫХ...
2025-11-27 11:21:13,953 - __main__ - INFO - ✅ УСПЕШНАЯ ПОДПИСКА. QoS: 0
2025-11-27 11:21:38,367 - __main__ - INFO - 
📨 ПОЛУЧЕНО НОВОЕ СООБЩЕНИЕ
2025-11-27 11:21:38,367 - __main__ - INFO - ├─ Время: 11:21:38
2025-11-27 11:21:38,367 - __main__ - INFO - ├─ Топик: my_school_project/sensor_data_v2
2025-11-27 11:21:38,367 - __main__ - INFO - ├─ Данные: {
  "id": 8,
  "sensor_id": 1,
  "value": 23.5,
  "timestamp": "2025-11-27T11:21:33.732773",
  "source": "local_sqlite",
  "version": "2.0"
}
2025-11-27 11:21:38,370 - __main__ - INFO - ✅ ДАННЫЕ УСПЕШНО СОХРАНЕНЫ
2025-11-27 11:21:38,841 - __main__ - INFO - 
📨 ПОЛУЧЕНО НОВОЕ СООБЩЕНИЕ
2025-11-27 11:21:38,841 - __main__ - INFO - ├─ Время: 11:21:38
2025-11-27 11:21:38,842 - __main__ - INFO - ├─ Топик: my_school_project/sensor_data_v2
2025-11-27 11:21:38,842 - __main__ - INFO - ├─ Данные: {
  "id": 9,
  "sensor_id": 2,
  "value": 18.9,
  "timestamp": "2025-11-27T11:21:33.732781",
  "source": "local_sqlite",
  "version": "2.0"
}
2025-11-27 11:21:38,845 - __main__ - INFO - ✅ ДАННЫЕ УСПЕШНО СОХРАНЕНЫ
2025-11-27 11:21:39,350 - __main__ - INFO - 
📨 ПОЛУЧЕНО НОВОЕ СООБЩЕНИЕ
2025-11-27 11:21:39,350 - __main__ - INFO - ├─ Время: 11:21:39
2025-11-27 11:21:39,350 - __main__ - INFO - ├─ Топик: my_school_project/sensor_data_v2
2025-11-27 11:21:39,351 - __main__ - INFO - ├─ Данные: {
  "id": 10,
  "sensor_id": 1,
  "value": 24.1,
  "timestamp": "2025-11-27T11:21:33.732782",
  "source": "local_sqlite",
  "version": "2.0"
}
2025-11-27 11:21:39,354 - __main__ - INFO - ✅ ДАННЫЕ УСПЕШНО СОХРАНЕНЫ
2025-11-27 11:21:39,874 - __main__ - INFO - 
📨 ПОЛУЧЕНО НОВОЕ СООБЩЕНИЕ
2025-11-27 11:21:39,874 - __main__ - INFO - ├─ Время: 11:21:39
2025-11-27 11:21:39,874 - __main__ - INFO - ├─ Топик: my_school_project/sensor_data_v2
2025-11-27 11:21:39,874 - __main__ - INFO - ├─ Данные: {
  "id": 11,
  "sensor_id": 3,
  "value": 19.7,
  "timestamp": "2025-11-27T11:21:33.732782",
  "source": "local_sqlite",
  "version": "2.0"
}
2025-11-27 11:21:39,878 - __main__ - INFO - ✅ ДАННЫЕ УСПЕШНО СОХРАНЕНЫ
2025-11-27 11:21:40,343 - __main__ - INFO - 
📨 ПОЛУЧЕНО НОВОЕ СООБЩЕНИЕ
2025-11-27 11:21:40,343 - __main__ - INFO - ├─ Время: 11:21:40
2025-11-27 11:21:40,343 - __main__ - INFO - ├─ Топик: my_school_project/sensor_data_v2
2025-11-27 11:21:40,343 - __main__ - INFO - ├─ Данные: {
  "id": 12,
  "sensor_id": 2,
  "value": 22.3,
  "timestamp": "2025-11-27T11:21:33.732783",
  "source": "local_sqlite",
  "version": "2.0"
}
2025-11-27 11:21:40,346 - __main__ - INFO - ✅ ДАННЫЕ УСПЕШНО СОХРАНЕНЫ
2025-11-27 13:14:02,920 - __main__ - INFO - 🚀 ЗАПУСК СИСТЕМЫ ПРИЁМА ДАННЫХ
2025-11-27 13:14:02,920 - __main__ - INFO - ==================================================
2025-11-27 13:14:02,922 - __main__ - INFO - ✅ Центральная база данных готова
2025-11-27 13:14:02,922 - __main__ - INFO - 🔗 ПОДКЛЮЧЕНИЕ К БРОКЕРУ broker.hivemq.com...
2025-11-27 13:14:02,987 - __main__ - INFO - 🔄 ЗАПУСК ПРОСЛУШИВАНИЯ...
2025-11-27 13:14:03,032 - __main__ - INFO - ✅ ПРИЁМНИК ПОДКЛЮЧЕН К MQTT БРОКЕРУ!
2025-11-27 13:14:03,032 - __main__ - INFO - 📡 ПОДПИСКА НА ТОПИК: 'my_school_project/sensor_data_v2'
2025-11-27 13:14:03,032 - __main__ - INFO - 🎧 ОЖИДАНИЕ ДАННЫХ...
2025-11-27 13:14:03,076 - __main__ - INFO - ✅ УСПЕШНАЯ ПОДПИСКА. QoS: 0
2025-11-27 13:14:20,322 - __main__ - INFO - 
📨 ПОЛУЧЕНО НОВОЕ СООБЩЕНИЕ
2025-11-27 13:14:20,322 - __main__ - INFO - ├─ Время: 13:14:20
2025-11-27 13:14:20,322 - __main__ - INFO - ├─ Топик: my_school_project/sensor_data_v2
2025-11-27 13:14:20,322 - __main__ - INFO - ├─ Данные: {
  "id": 13,
  "sensor_id": 1,
  "value": 23.5,
  "timestamp": "2025-11-27T13:14:18.227834",
  "source": "local_sqlite",
  "version": "2.0"
}
2025-11-27 13:14:20,326 - __main__ - INFO - ✅ ДАННЫЕ УСПЕШНО СОХРАНЕНЫ
2025-11-27 13:14:20,826 - __main__ - INFO - 
📨 ПОЛУЧЕНО НОВОЕ СООБЩЕНИЕ
2025-11-27 13:14:20,826 - __main__ - INFO - ├─ Время: 13:14:20
2025-11-27 13:14:20,826 - __main__ - INFO - ├─ Топик: my_school_project/sensor_data_v2
2025-11-27 13:14:20,827 - __main__ - INFO - ├─ Данные: {
  "id": 14,
  "sensor_id": 2,
  "value": 18.9,
  "timestamp": "2025-11-27T13:14:18.227842",
  "source": "local_sqlite",
  "version": "2.0"
}
2025-11-27 13:14:20,831 - __main__ - INFO - ✅ ДАННЫЕ УСПЕШНО СОХРАНЕНЫ
2025-11-27 13:14:21,328 - __main__ - INFO - 
📨 ПОЛУЧЕНО НОВОЕ СООБЩЕНИЕ
2025-11-27 13:14:21,329 - __main__ - INFO - ├─ Время: 13:14:21
2025-11-27 13:14:21,329 - __main__ - INFO - ├─ Топик: my_school_project/sensor_data_v2
2025-11-27 13:14:21,329 - __main__ - INFO - ├─ Данные: {
  "id": 15,
  "sensor_id": 1,
  "value": 24.1,
  "timestamp": "2025-11-27T13:14:18.227843",
  "source": "local_sqlite",
  "version": "2.0"
}
2025-11-27 13:14:21,333 - __main__ - INFO - ✅ ДАННЫЕ УСПЕШНО СОХРАНЕНЫ
2025-11-27 13:14:21,831 - __main__ - INFO - 
📨 ПОЛУЧЕНО НОВОЕ СООБЩЕНИЕ
2025-11-27 13:14:21,831 - __main__ - INFO - ├─ Время: 13:14:21
2025-11-27 13:14:21,831 - __main__ - INFO - ├─ Топик: my_school_project/sensor_data_v2
2025-11-27 13:14:21,831 - __main__ - INFO - ├─ Данные: {
  "id": 16,
  "sensor_id": 3,
  "value": 19.7,
  "timestamp": "2025-11-27T13:14:18.227844",
  "source": "local_sqlite",
  "version": "2.0"
}
2025-11-27 13:14:21,835 - __main__ - INFO - ✅ ДАННЫЕ УСПЕШНО СОХРАНЕНЫ
2025-11-27 13:14:22,333 - __main__ - INFO - 
📨 ПОЛУЧЕНО НОВОЕ СООБЩЕНИЕ
2025-11-27 13:14:22,333 - __main__ - INFO - ├─ Время: 13:14:22
2025-11-27 13:14:22,333 - __main__ - INFO - ├─ Топик: my_school_project/sensor_data_v2
2025-11-27 13:14:22,333 - __main__ - INFO - ├─ Данные: {
  "id": 17,
  "sensor_id": 2,
  "value": 22.3,
  "timestamp": "2025-11-27T13:14:18.227845",
  "source": "local_sqlite",
  "version": "2.0"
}
2025-11-27 13:14:22,337 - __main__ - INFO - ✅ ДАННЫЕ УСПЕШНО СОХРАНЕНЫ
